<?xml version="1.0" encoding="UTF-8"?>
<coverage generated="1676673498408" clover="3.2.0">
  <project timestamp="1676673498408" name="All files">
    <metrics statements="5" coveredstatements="5" conditionals="8" coveredconditionals="7" methods="1" coveredmethods="1" elements="14" coveredelements="13" complexity="0" loc="5" ncloc="5" packages="2" files="2" classes="2"/>
    <package name="components">
      <metrics statements="4" coveredstatements="4" conditionals="8" coveredconditionals="7" methods="1" coveredmethods="1"/>
      <file name="Primary.Button.tsx" path="/Users/rigobertorascon/Projects/react-native/react-native-ui/src/components/Primary.Button.tsx">
        <metrics statements="4" coveredstatements="4" conditionals="8" coveredconditionals="7" methods="1" coveredmethods="1"/>
        <line num="6" count="1" type="stmt"/>
        <line num="16" count="4" type="stmt"/>
        <line num="21" count="4" type="stmt"/>
        <line num="35" count="1" type="stmt"/>
      </file>
    </package>
    <package name="constants">
      <metrics statements="1" coveredstatements="1" conditionals="0" coveredconditionals="0" methods="0" coveredmethods="0"/>
      <file name="Theme.ts" path="/Users/rigobertorascon/Projects/react-native/react-native-ui/src/constants/Theme.ts">
        <metrics statements="1" coveredstatements="1" conditionals="0" coveredconditionals="0" methods="0" coveredmethods="0"/>
        <line num="1" count="1" type="stmt"/>
      </file>
    </package>
  </project>
</coverage>
