<?xml version="1.0" encoding="UTF-8"?>
<coverage generated="1677265963337" clover="3.2.0">
  <project timestamp="1677265963337" name="All files">
    <metrics statements="69" coveredstatements="65" conditionals="46" coveredconditionals="26" methods="24" coveredmethods="20" elements="139" coveredelements="111" complexity="0" loc="69" ncloc="69" packages="3" files="11" classes="11"/>
    <package name="components">
      <metrics statements="64" coveredstatements="60" conditionals="46" coveredconditionals="26" methods="23" coveredmethods="19"/>
      <file name="Alert.Modal.tsx" path="/Users/rigobertorascon/Projects/react-native/react-native-ui/src/components/Alert.Modal.tsx">
        <metrics statements="3" coveredstatements="3" conditionals="0" coveredconditionals="0" methods="1" coveredmethods="1"/>
        <line num="8" count="1" type="stmt"/>
        <line num="16" count="2" type="stmt"/>
        <line num="37" count="1" type="stmt"/>
      </file>
      <file name="Bottom.Modal.tsx" path="/Users/rigobertorascon/Projects/react-native/react-native-ui/src/components/Bottom.Modal.tsx">
        <metrics statements="13" coveredstatements="11" conditionals="4" coveredconditionals="2" methods="5" coveredmethods="3"/>
        <line num="14" count="2" type="stmt"/>
        <line num="16" count="2" type="stmt"/>
        <line num="24" count="12" type="stmt"/>
        <line num="26" count="12" type="stmt"/>
        <line num="27" count="8" type="stmt"/>
        <line num="30" count="0" type="stmt"/>
        <line num="33" count="8" type="stmt"/>
        <line num="36" count="0" type="stmt"/>
        <line num="40" count="8" type="stmt"/>
        <line num="41" count="8" type="stmt"/>
        <line num="42" count="8" type="stmt"/>
        <line num="46" count="12" type="stmt"/>
        <line num="75" count="2" type="stmt"/>
      </file>
      <file name="Chip.Button.tsx" path="/Users/rigobertorascon/Projects/react-native/react-native-ui/src/components/Chip.Button.tsx">
        <metrics statements="7" coveredstatements="7" conditionals="11" coveredconditionals="5" methods="2" coveredmethods="2"/>
        <line num="6" count="1" type="stmt"/>
        <line num="19" count="3" type="stmt"/>
        <line num="20" count="3" type="stmt"/>
        <line num="22" count="3" type="stmt"/>
        <line num="29" count="3" type="stmt"/>
        <line num="34" count="3" type="stmt"/>
        <line num="48" count="1" type="stmt"/>
      </file>
      <file name="Icon.Text.Input.tsx" path="/Users/rigobertorascon/Projects/react-native/react-native-ui/src/components/Icon.Text.Input.tsx">
        <metrics statements="5" coveredstatements="5" conditionals="4" coveredconditionals="2" methods="1" coveredmethods="1"/>
        <line num="7" count="2" type="stmt"/>
        <line num="15" count="4" type="stmt"/>
        <line num="20" count="4" type="cond" truecount="1" falsecount="1"/>
        <line num="22" count="4" type="stmt"/>
        <line num="36" count="2" type="stmt"/>
      </file>
      <file name="Link.Button.tsx" path="/Users/rigobertorascon/Projects/react-native/react-native-ui/src/components/Link.Button.tsx">
        <metrics statements="4" coveredstatements="4" conditionals="2" coveredconditionals="1" methods="1" coveredmethods="1"/>
        <line num="7" count="1" type="stmt"/>
        <line num="15" count="2" type="cond" truecount="1" falsecount="1"/>
        <line num="16" count="2" type="stmt"/>
        <line num="33" count="1" type="stmt"/>
      </file>
      <file name="Opacity.Mask.tsx" path="/Users/rigobertorascon/Projects/react-native/react-native-ui/src/components/Opacity.Mask.tsx">
        <metrics statements="4" coveredstatements="4" conditionals="4" coveredconditionals="3" methods="1" coveredmethods="1"/>
        <line num="5" count="14" type="cond" truecount="2" falsecount="0"/>
        <line num="6" count="6" type="stmt"/>
        <line num="8" count="8" type="stmt"/>
        <line num="11" count="3" type="stmt"/>
      </file>
      <file name="Primary.Button.tsx" path="/Users/rigobertorascon/Projects/react-native/react-native-ui/src/components/Primary.Button.tsx">
        <metrics statements="7" coveredstatements="7" conditionals="17" coveredconditionals="11" methods="2" coveredmethods="2"/>
        <line num="8" count="1" type="stmt"/>
        <line num="18" count="7" type="stmt"/>
        <line num="19" count="7" type="stmt"/>
        <line num="21" count="7" type="stmt"/>
        <line num="29" count="7" type="stmt"/>
        <line num="33" count="7" type="stmt"/>
        <line num="47" count="1" type="stmt"/>
      </file>
      <file name="Searchable.Picker.tsx" path="/Users/rigobertorascon/Projects/react-native/react-native-ui/src/components/Searchable.Picker.tsx">
        <metrics statements="15" coveredstatements="13" conditionals="4" coveredconditionals="2" methods="8" coveredmethods="6"/>
        <line num="10" count="1" type="stmt"/>
        <line num="18" count="9" type="stmt"/>
        <line num="19" count="9" type="stmt"/>
        <line num="20" count="9" type="stmt"/>
        <line num="21" count="18" type="stmt"/>
        <line num="24" count="9" type="stmt"/>
        <line num="28" count="3" type="stmt"/>
        <line num="38" count="0" type="stmt"/>
        <line num="42" count="0" type="stmt"/>
        <line num="49" count="6" type="stmt"/>
        <line num="51" count="1" type="cond" truecount="1" falsecount="1"/>
        <line num="52" count="1" type="stmt"/>
        <line num="53" count="1" type="stmt"/>
        <line num="62" count="6" type="stmt"/>
        <line num="69" count="1" type="stmt"/>
      </file>
      <file name="Styled.Text.tsx" path="/Users/rigobertorascon/Projects/react-native/react-native-ui/src/components/Styled.Text.tsx">
        <metrics statements="6" coveredstatements="6" conditionals="0" coveredconditionals="0" methods="2" coveredmethods="2"/>
        <line num="5" count="3" type="stmt"/>
        <line num="8" count="1" type="stmt"/>
        <line num="9" count="1" type="stmt"/>
        <line num="17" count="19" type="stmt"/>
        <line num="18" count="19" type="stmt"/>
        <line num="25" count="3" type="stmt"/>
      </file>
    </package>
    <package name="constants">
      <metrics statements="2" coveredstatements="2" conditionals="0" coveredconditionals="0" methods="0" coveredmethods="0"/>
      <file name="Theme.ts" path="/Users/rigobertorascon/Projects/react-native/react-native-ui/src/constants/Theme.ts">
        <metrics statements="2" coveredstatements="2" conditionals="0" coveredconditionals="0" methods="0" coveredmethods="0"/>
        <line num="1" count="7" type="stmt"/>
        <line num="3" count="7" type="stmt"/>
      </file>
    </package>
    <package name="hooks">
      <metrics statements="3" coveredstatements="3" conditionals="0" coveredconditionals="0" methods="1" coveredmethods="1"/>
      <file name="usePlatform.ts" path="/Users/rigobertorascon/Projects/react-native/react-native-ui/src/hooks/usePlatform.ts">
        <metrics statements="3" coveredstatements="3" conditionals="0" coveredconditionals="0" methods="1" coveredmethods="1"/>
        <line num="4" count="10" type="stmt"/>
        <line num="5" count="10" type="stmt"/>
        <line num="7" count="10" type="stmt"/>
      </file>
    </package>
  </project>
</coverage>
