{"/Users/rigobertorascon/Projects/react-native/react-native-ui/src/components/Alert.Modal.tsx": {"path":"/Users/rigobertorascon/Projects/react-native/react-native-ui/src/components/Alert.Modal.tsx","statementMap":{"0":{"start":{"line":8,"column":20},"end":{"line":8,"column":25}},"1":{"start":{"line":16,"column":2},"end":{"line":34,"column":4}},"2":{"start":{"line":37,"column":15},"end":{"line":54,"column":2}}},"fnMap":{"0":{"name":"AlertModal","decl":{"start":{"line":10,"column":16},"end":{"line":10,"column":26}},"loc":{"start":{"line":15,"column":20},"end":{"line":35,"column":1}},"line":15}},"branchMap":{},"s":{"0":1,"1":2,"2":1},"f":{"0":2},"b":{},"_coverageSchema":"1a1c01bbd47fc00a2c39e90264f33305004495a9","hash":"ddde1dd4bcf83e8ea88b622a4acb828b442c1fc1"}
,"/Users/rigobertorascon/Projects/react-native/react-native-ui/src/components/Bottom.Modal.tsx": {"path":"/Users/rigobertorascon/Projects/react-native/react-native-ui/src/components/Bottom.Modal.tsx","statementMap":{"0":{"start":{"line":14,"column":20},"end":{"line":14,"column":25}},"1":{"start":{"line":16,"column":21},"end":{"line":16,"column":52}},"2":{"start":{"line":24,"column":50},"end":{"line":24,"column":65}},"3":{"start":{"line":26,"column":2},"end":{"line":44,"column":9}},"4":{"start":{"line":27,"column":36},"end":{"line":32,"column":5}},"5":{"start":{"line":30,"column":8},"end":{"line":30,"column":33}},"6":{"start":{"line":33,"column":36},"end":{"line":38,"column":5}},"7":{"start":{"line":36,"column":8},"end":{"line":36,"column":34}},"8":{"start":{"line":40,"column":4},"end":{"line":43,"column":6}},"9":{"start":{"line":41,"column":6},"end":{"line":41,"column":39}},"10":{"start":{"line":42,"column":6},"end":{"line":42,"column":39}},"11":{"start":{"line":46,"column":2},"end":{"line":72,"column":4}},"12":{"start":{"line":75,"column":15},"end":{"line":100,"column":2}}},"fnMap":{"0":{"name":"BottomModal","decl":{"start":{"line":18,"column":16},"end":{"line":18,"column":27}},"loc":{"start":{"line":23,"column":21},"end":{"line":73,"column":1}},"line":23},"1":{"name":"(anonymous_1)","decl":{"start":{"line":26,"column":12},"end":{"line":26,"column":13}},"loc":{"start":{"line":26,"column":18},"end":{"line":44,"column":3}},"line":26},"2":{"name":"(anonymous_2)","decl":{"start":{"line":29,"column":6},"end":{"line":29,"column":7}},"loc":{"start":{"line":29,"column":12},"end":{"line":31,"column":7}},"line":29},"3":{"name":"(anonymous_3)","decl":{"start":{"line":35,"column":6},"end":{"line":35,"column":7}},"loc":{"start":{"line":35,"column":12},"end":{"line":37,"column":7}},"line":35},"4":{"name":"(anonymous_4)","decl":{"start":{"line":40,"column":11},"end":{"line":40,"column":12}},"loc":{"start":{"line":40,"column":17},"end":{"line":43,"column":5}},"line":40}},"branchMap":{"0":{"loc":{"start":{"line":54,"column":14},"end":{"line":54,"column":63}},"type":"binary-expr","locations":[{"start":{"line":54,"column":14},"end":{"line":54,"column":31}},{"start":{"line":54,"column":35},"end":{"line":54,"column":63}}],"line":54},"1":{"loc":{"start":{"line":61,"column":14},"end":{"line":61,"column":59}},"type":"binary-expr","locations":[{"start":{"line":61,"column":14},"end":{"line":61,"column":31}},{"start":{"line":61,"column":35},"end":{"line":61,"column":59}}],"line":61}},"s":{"0":2,"1":2,"2":12,"3":12,"4":8,"5":0,"6":8,"7":0,"8":8,"9":8,"10":8,"11":12,"12":2},"f":{"0":12,"1":8,"2":0,"3":0,"4":8},"b":{"0":[12,0],"1":[12,0]},"_coverageSchema":"1a1c01bbd47fc00a2c39e90264f33305004495a9","hash":"982707db5018aba785269c0c5a23b5e0bad4caa7"}
,"/Users/rigobertorascon/Projects/react-native/react-native-ui/src/components/Chip.Button.tsx": {"path":"/Users/rigobertorascon/Projects/react-native/react-native-ui/src/components/Chip.Button.tsx","statementMap":{"0":{"start":{"line":6,"column":20},"end":{"line":6,"column":25}},"1":{"start":{"line":19,"column":19},"end":{"line":19,"column":32}},"2":{"start":{"line":20,"column":31},"end":{"line":20,"column":39}},"3":{"start":{"line":22,"column":27},"end":{"line":27,"column":3}},"4":{"start":{"line":29,"column":2},"end":{"line":45,"column":4}},"5":{"start":{"line":34,"column":32},"end":{"line":38,"column":9}},"6":{"start":{"line":48,"column":15},"end":{"line":67,"column":2}}},"fnMap":{"0":{"name":"ChipButton","decl":{"start":{"line":11,"column":16},"end":{"line":11,"column":26}},"loc":{"start":{"line":18,"column":20},"end":{"line":46,"column":1}},"line":18},"1":{"name":"(anonymous_1)","decl":{"start":{"line":34,"column":15},"end":{"line":34,"column":16}},"loc":{"start":{"line":34,"column":32},"end":{"line":38,"column":9}},"line":34}},"branchMap":{"0":{"loc":{"start":{"line":25,"column":23},"end":{"line":25,"column":76}},"type":"cond-expr","locations":[{"start":{"line":25,"column":41},"end":{"line":25,"column":56}},{"start":{"line":25,"column":59},"end":{"line":25,"column":76}}],"line":25},"1":{"loc":{"start":{"line":36,"column":10},"end":{"line":36,"column":44}},"type":"binary-expr","locations":[{"start":{"line":36,"column":10},"end":{"line":36,"column":17}},{"start":{"line":36,"column":21},"end":{"line":36,"column":26}},{"start":{"line":36,"column":30},"end":{"line":36,"column":44}}],"line":36},"2":{"loc":{"start":{"line":37,"column":10},"end":{"line":37,"column":68}},"type":"binary-expr","locations":[{"start":{"line":37,"column":10},"end":{"line":37,"column":17}},{"start":{"line":37,"column":21},"end":{"line":37,"column":30}},{"start":{"line":37,"column":34},"end":{"line":37,"column":50}},{"start":{"line":37,"column":54},"end":{"line":37,"column":68}}],"line":37},"3":{"loc":{"start":{"line":41,"column":9},"end":{"line":41,"column":69}},"type":"binary-expr","locations":[{"start":{"line":41,"column":9},"end":{"line":41,"column":17}},{"start":{"line":41,"column":21},"end":{"line":41,"column":69}}],"line":41}},"s":{"0":1,"1":3,"2":3,"3":3,"4":3,"5":3,"6":1},"f":{"0":3,"1":3},"b":{"0":[0,3],"1":[3,0,0],"2":[3,0,0,0],"3":[3,3]},"_coverageSchema":"1a1c01bbd47fc00a2c39e90264f33305004495a9","hash":"115723ae0327c83a3e9d5ee125713569c1d02c32"}
,"/Users/rigobertorascon/Projects/react-native/react-native-ui/src/components/Icon.Text.Input.tsx": {"path":"/Users/rigobertorascon/Projects/react-native/react-native-ui/src/components/Icon.Text.Input.tsx","statementMap":{"0":{"start":{"line":7,"column":28},"end":{"line":7,"column":33}},"1":{"start":{"line":15,"column":34},"end":{"line":18,"column":3}},"2":{"start":{"line":20,"column":25},"end":{"line":20,"column":61}},"3":{"start":{"line":22,"column":2},"end":{"line":33,"column":4}},"4":{"start":{"line":36,"column":15},"end":{"line":58,"column":2}}},"fnMap":{"0":{"name":"IconTextInput","decl":{"start":{"line":9,"column":16},"end":{"line":9,"column":29}},"loc":{"start":{"line":14,"column":19},"end":{"line":34,"column":1}},"line":14}},"branchMap":{"0":{"loc":{"start":{"line":17,"column":4},"end":{"line":17,"column":42}},"type":"cond-expr","locations":[{"start":{"line":17,"column":21},"end":{"line":17,"column":35}},{"start":{"line":17,"column":38},"end":{"line":17,"column":42}}],"line":17},"1":{"loc":{"start":{"line":20,"column":40},"end":{"line":20,"column":60}},"type":"cond-expr","locations":[{"start":{"line":20,"column":48},"end":{"line":20,"column":53}},{"start":{"line":20,"column":56},"end":{"line":20,"column":60}}],"line":20}},"s":{"0":2,"1":4,"2":4,"3":4,"4":2},"f":{"0":4},"b":{"0":[0,4],"1":[0,4]},"_coverageSchema":"1a1c01bbd47fc00a2c39e90264f33305004495a9","hash":"de6cff4799fc07a7e2f6e80972850c5a9e95a711"}
,"/Users/rigobertorascon/Projects/react-native/react-native-ui/src/components/Link.Button.tsx": {"path":"/Users/rigobertorascon/Projects/react-native/react-native-ui/src/components/Link.Button.tsx","statementMap":{"0":{"start":{"line":7,"column":28},"end":{"line":7,"column":33}},"1":{"start":{"line":15,"column":27},"end":{"line":15,"column":67}},"2":{"start":{"line":16,"column":2},"end":{"line":30,"column":4}},"3":{"start":{"line":33,"column":15},"end":{"line":39,"column":2}}},"fnMap":{"0":{"name":"LinkButton","decl":{"start":{"line":9,"column":16},"end":{"line":9,"column":26}},"loc":{"start":{"line":14,"column":20},"end":{"line":31,"column":1}},"line":14}},"branchMap":{"0":{"loc":{"start":{"line":15,"column":46},"end":{"line":15,"column":66}},"type":"cond-expr","locations":[{"start":{"line":15,"column":54},"end":{"line":15,"column":59}},{"start":{"line":15,"column":62},"end":{"line":15,"column":66}}],"line":15}},"s":{"0":1,"1":2,"2":2,"3":1},"f":{"0":2},"b":{"0":[0,2]},"_coverageSchema":"1a1c01bbd47fc00a2c39e90264f33305004495a9","hash":"dae2adcbd92889fc28973734077b615ad3cf83b5"}
,"/Users/rigobertorascon/Projects/react-native/react-native-ui/src/components/Opacity.Mask.tsx": {"path":"/Users/rigobertorascon/Projects/react-native/react-native-ui/src/components/Opacity.Mask.tsx","statementMap":{"0":{"start":{"line":5,"column":2},"end":{"line":7,"column":3}},"1":{"start":{"line":6,"column":4},"end":{"line":6,"column":40}},"2":{"start":{"line":8,"column":2},"end":{"line":8,"column":14}},"3":{"start":{"line":11,"column":15},"end":{"line":25,"column":2}}},"fnMap":{"0":{"name":"OpacityMask","decl":{"start":{"line":4,"column":16},"end":{"line":4,"column":27}},"loc":{"start":{"line":4,"column":63},"end":{"line":9,"column":1}},"line":4}},"branchMap":{"0":{"loc":{"start":{"line":5,"column":2},"end":{"line":7,"column":3}},"type":"if","locations":[{"start":{"line":5,"column":2},"end":{"line":7,"column":3}},{"start":{},"end":{}}],"line":5},"1":{"loc":{"start":{"line":20,"column":15},"end":{"line":20,"column":48}},"type":"cond-expr","locations":[{"start":{"line":20,"column":43},"end":{"line":20,"column":44}},{"start":{"line":20,"column":47},"end":{"line":20,"column":48}}],"line":20}},"s":{"0":14,"1":6,"2":8,"3":3},"f":{"0":14},"b":{"0":[6,8],"1":[0,3]},"_coverageSchema":"1a1c01bbd47fc00a2c39e90264f33305004495a9","hash":"28a476e49abc15a5e37fa27caefa9edc87bd454a"}
,"/Users/rigobertorascon/Projects/react-native/react-native-ui/src/components/Primary.Button.tsx": {"path":"/Users/rigobertorascon/Projects/react-native/react-native-ui/src/components/Primary.Button.tsx","statementMap":{"0":{"start":{"line":8,"column":28},"end":{"line":8,"column":33}},"1":{"start":{"line":18,"column":19},"end":{"line":18,"column":32}},"2":{"start":{"line":19,"column":31},"end":{"line":19,"column":39}},"3":{"start":{"line":21,"column":23},"end":{"line":27,"column":3}},"4":{"start":{"line":29,"column":2},"end":{"line":44,"column":4}},"5":{"start":{"line":33,"column":30},"end":{"line":37,"column":7}},"6":{"start":{"line":47,"column":15},"end":{"line":58,"column":2}}},"fnMap":{"0":{"name":"PrimaryButton","decl":{"start":{"line":10,"column":16},"end":{"line":10,"column":29}},"loc":{"start":{"line":17,"column":23},"end":{"line":45,"column":1}},"line":17},"1":{"name":"(anonymous_1)","decl":{"start":{"line":33,"column":13},"end":{"line":33,"column":14}},"loc":{"start":{"line":33,"column":30},"end":{"line":37,"column":7}},"line":33}},"branchMap":{"0":{"loc":{"start":{"line":23,"column":4},"end":{"line":23,"column":24}},"type":"cond-expr","locations":[{"start":{"line":23,"column":12},"end":{"line":23,"column":17}},{"start":{"line":23,"column":20},"end":{"line":23,"column":24}}],"line":23},"1":{"loc":{"start":{"line":25,"column":23},"end":{"line":25,"column":76}},"type":"cond-expr","locations":[{"start":{"line":25,"column":41},"end":{"line":25,"column":56}},{"start":{"line":25,"column":59},"end":{"line":25,"column":76}}],"line":25},"2":{"loc":{"start":{"line":31,"column":15},"end":{"line":31,"column":39}},"type":"cond-expr","locations":[{"start":{"line":31,"column":25},"end":{"line":31,"column":29}},{"start":{"line":31,"column":32},"end":{"line":31,"column":39}}],"line":31},"3":{"loc":{"start":{"line":35,"column":8},"end":{"line":35,"column":42}},"type":"binary-expr","locations":[{"start":{"line":35,"column":8},"end":{"line":35,"column":15}},{"start":{"line":35,"column":19},"end":{"line":35,"column":24}},{"start":{"line":35,"column":28},"end":{"line":35,"column":42}}],"line":35},"4":{"loc":{"start":{"line":36,"column":8},"end":{"line":36,"column":66}},"type":"binary-expr","locations":[{"start":{"line":36,"column":8},"end":{"line":36,"column":15}},{"start":{"line":36,"column":19},"end":{"line":36,"column":28}},{"start":{"line":36,"column":32},"end":{"line":36,"column":48}},{"start":{"line":36,"column":52},"end":{"line":36,"column":66}}],"line":36},"5":{"loc":{"start":{"line":40,"column":7},"end":{"line":40,"column":79}},"type":"binary-expr","locations":[{"start":{"line":40,"column":7},"end":{"line":40,"column":14}},{"start":{"line":40,"column":18},"end":{"line":40,"column":79}}],"line":40},"6":{"loc":{"start":{"line":42,"column":7},"end":{"line":42,"column":58}},"type":"binary-expr","locations":[{"start":{"line":42,"column":7},"end":{"line":42,"column":15}},{"start":{"line":42,"column":19},"end":{"line":42,"column":58}}],"line":42}},"s":{"0":1,"1":7,"2":7,"3":7,"4":7,"5":7,"6":1},"f":{"0":7,"1":7},"b":{"0":[1,6],"1":[0,7],"2":[3,4],"3":[7,0,0],"4":[7,0,0,0],"5":[7,3],"6":[7,4]},"_coverageSchema":"1a1c01bbd47fc00a2c39e90264f33305004495a9","hash":"5a697211689b37a145a997a596e117f64c4d5875"}
,"/Users/rigobertorascon/Projects/react-native/react-native-ui/src/components/Searchable.Picker.tsx": {"path":"/Users/rigobertorascon/Projects/react-native/react-native-ui/src/components/Searchable.Picker.tsx","statementMap":{"0":{"start":{"line":10,"column":28},"end":{"line":10,"column":33}},"1":{"start":{"line":18,"column":36},"end":{"line":18,"column":51}},"2":{"start":{"line":19,"column":40},"end":{"line":19,"column":52}},"3":{"start":{"line":20,"column":23},"end":{"line":22,"column":3}},"4":{"start":{"line":21,"column":4},"end":{"line":21,"column":64}},"5":{"start":{"line":24,"column":2},"end":{"line":66,"column":4}},"6":{"start":{"line":28,"column":23},"end":{"line":28,"column":47}},"7":{"start":{"line":38,"column":25},"end":{"line":38,"column":44}},"8":{"start":{"line":42,"column":39},"end":{"line":42,"column":64}},"9":{"start":{"line":49,"column":12},"end":{"line":60,"column":24}},"10":{"start":{"line":51,"column":16},"end":{"line":54,"column":17}},"11":{"start":{"line":52,"column":18},"end":{"line":52,"column":39}},"12":{"start":{"line":53,"column":18},"end":{"line":53,"column":38}},"13":{"start":{"line":62,"column":34},"end":{"line":62,"column":44}},"14":{"start":{"line":69,"column":15},"end":{"line":85,"column":2}}},"fnMap":{"0":{"name":"SearchablePicker","decl":{"start":{"line":12,"column":16},"end":{"line":12,"column":32}},"loc":{"start":{"line":17,"column":26},"end":{"line":67,"column":1}},"line":17},"1":{"name":"(anonymous_1)","decl":{"start":{"line":20,"column":35},"end":{"line":20,"column":36}},"loc":{"start":{"line":21,"column":4},"end":{"line":21,"column":64}},"line":21},"2":{"name":"(anonymous_2)","decl":{"start":{"line":28,"column":17},"end":{"line":28,"column":18}},"loc":{"start":{"line":28,"column":23},"end":{"line":28,"column":47}},"line":28},"3":{"name":"(anonymous_3)","decl":{"start":{"line":38,"column":19},"end":{"line":38,"column":20}},"loc":{"start":{"line":38,"column":25},"end":{"line":38,"column":44}},"line":38},"4":{"name":"(anonymous_4)","decl":{"start":{"line":42,"column":24},"end":{"line":42,"column":25}},"loc":{"start":{"line":42,"column":39},"end":{"line":42,"column":64}},"line":42},"5":{"name":"(anonymous_5)","decl":{"start":{"line":48,"column":22},"end":{"line":48,"column":23}},"loc":{"start":{"line":49,"column":12},"end":{"line":60,"column":24}},"line":49},"6":{"name":"(anonymous_6)","decl":{"start":{"line":50,"column":23},"end":{"line":50,"column":24}},"loc":{"start":{"line":50,"column":29},"end":{"line":55,"column":15}},"line":50},"7":{"name":"(anonymous_7)","decl":{"start":{"line":62,"column":24},"end":{"line":62,"column":25}},"loc":{"start":{"line":62,"column":34},"end":{"line":62,"column":44}},"line":62}},"branchMap":{"0":{"loc":{"start":{"line":31,"column":15},"end":{"line":31,"column":62}},"type":"cond-expr","locations":[{"start":{"line":31,"column":30},"end":{"line":31,"column":48}},{"start":{"line":31,"column":51},"end":{"line":31,"column":62}}],"line":31},"1":{"loc":{"start":{"line":51,"column":16},"end":{"line":54,"column":17}},"type":"if","locations":[{"start":{"line":51,"column":16},"end":{"line":54,"column":17}},{"start":{},"end":{}}],"line":51}},"s":{"0":1,"1":9,"2":9,"3":9,"4":18,"5":9,"6":3,"7":0,"8":0,"9":6,"10":1,"11":1,"12":1,"13":6,"14":1},"f":{"0":9,"1":18,"2":3,"3":0,"4":0,"5":6,"6":1,"7":6},"b":{"0":[0,9],"1":[1,0]},"_coverageSchema":"1a1c01bbd47fc00a2c39e90264f33305004495a9","hash":"1b2efcaac93c5659562f1035630b6d3443271600"}
,"/Users/rigobertorascon/Projects/react-native/react-native-ui/src/components/Styled.Text.tsx": {"path":"/Users/rigobertorascon/Projects/react-native/react-native-ui/src/components/Styled.Text.tsx","statementMap":{"0":{"start":{"line":5,"column":19},"end":{"line":5,"column":24}},"1":{"start":{"line":8,"column":21},"end":{"line":8,"column":42}},"2":{"start":{"line":9,"column":2},"end":{"line":13,"column":4}},"3":{"start":{"line":17,"column":21},"end":{"line":17,"column":41}},"4":{"start":{"line":18,"column":2},"end":{"line":22,"column":4}},"5":{"start":{"line":25,"column":15},"end":{"line":35,"column":2}}},"fnMap":{"0":{"name":"Title","decl":{"start":{"line":7,"column":16},"end":{"line":7,"column":21}},"loc":{"start":{"line":7,"column":69},"end":{"line":14,"column":1}},"line":7},"1":{"name":"Text","decl":{"start":{"line":16,"column":16},"end":{"line":16,"column":20}},"loc":{"start":{"line":16,"column":68},"end":{"line":23,"column":1}},"line":16}},"branchMap":{},"s":{"0":3,"1":1,"2":1,"3":19,"4":19,"5":3},"f":{"0":1,"1":19},"b":{},"_coverageSchema":"1a1c01bbd47fc00a2c39e90264f33305004495a9","hash":"93e09001c61b4f69f1dd10ac7866b3d85d0975fe"}
,"/Users/rigobertorascon/Projects/react-native/react-native-ui/src/constants/Theme.ts": {"path":"/Users/rigobertorascon/Projects/react-native/react-native-ui/src/constants/Theme.ts","statementMap":{"0":{"start":{"line":1,"column":30},"end":{"line":1,"column":46}},"1":{"start":{"line":3,"column":21},"end":{"line":28,"column":1}}},"fnMap":{},"branchMap":{},"s":{"0":7,"1":7},"f":{},"b":{},"_coverageSchema":"1a1c01bbd47fc00a2c39e90264f33305004495a9","hash":"18f3c449b7cde4a00c32dfb91bc523b9674353dc"}
,"/Users/rigobertorascon/Projects/react-native/react-native-ui/src/hooks/usePlatform.ts": {"path":"/Users/rigobertorascon/Projects/react-native/react-native-ui/src/hooks/usePlatform.ts","statementMap":{"0":{"start":{"line":4,"column":20},"end":{"line":4,"column":45}},"1":{"start":{"line":5,"column":16},"end":{"line":5,"column":37}},"2":{"start":{"line":7,"column":2},"end":{"line":7,"column":30}}},"fnMap":{"0":{"name":"usePlatform","decl":{"start":{"line":3,"column":16},"end":{"line":3,"column":27}},"loc":{"start":{"line":3,"column":30},"end":{"line":8,"column":1}},"line":3}},"branchMap":{},"s":{"0":10,"1":10,"2":10},"f":{"0":10},"b":{},"_coverageSchema":"1a1c01bbd47fc00a2c39e90264f33305004495a9","hash":"11f2bd8bb4ca6c446b66c042e6343b4913a19429"}
}
