{"/Users/rigobertorascon/Projects/react-native/react-native-ui/src/components/Primary.Button.tsx": {"path":"/Users/rigobertorascon/Projects/react-native/react-native-ui/src/components/Primary.Button.tsx","statementMap":{"0":{"start":{"line":6,"column":28},"end":{"line":6,"column":33}},"1":{"start":{"line":16,"column":23},"end":{"line":20,"column":3}},"2":{"start":{"line":21,"column":2},"end":{"line":32,"column":4}},"3":{"start":{"line":35,"column":15},"end":{"line":46,"column":2}}},"fnMap":{"0":{"name":"PrimaryButton","decl":{"start":{"line":8,"column":16},"end":{"line":8,"column":29}},"loc":{"start":{"line":15,"column":23},"end":{"line":33,"column":1}},"line":15}},"branchMap":{"0":{"loc":{"start":{"line":19,"column":23},"end":{"line":19,"column":68}},"type":"cond-expr","locations":[{"start":{"line":19,"column":41},"end":{"line":19,"column":56}},{"start":{"line":19,"column":59},"end":{"line":19,"column":68}}],"line":19},"1":{"loc":{"start":{"line":23,"column":15},"end":{"line":23,"column":39}},"type":"cond-expr","locations":[{"start":{"line":23,"column":25},"end":{"line":23,"column":29}},{"start":{"line":23,"column":32},"end":{"line":23,"column":39}}],"line":23},"2":{"loc":{"start":{"line":28,"column":7},"end":{"line":28,"column":79}},"type":"binary-expr","locations":[{"start":{"line":28,"column":7},"end":{"line":28,"column":14}},{"start":{"line":28,"column":18},"end":{"line":28,"column":79}}],"line":28},"3":{"loc":{"start":{"line":30,"column":7},"end":{"line":30,"column":58}},"type":"binary-expr","locations":[{"start":{"line":30,"column":7},"end":{"line":30,"column":15}},{"start":{"line":30,"column":19},"end":{"line":30,"column":58}}],"line":30}},"s":{"0":1,"1":4,"2":4,"3":1},"f":{"0":4},"b":{"0":[0,4],"1":[2,2],"2":[4,2],"3":[4,2]},"_coverageSchema":"1a1c01bbd47fc00a2c39e90264f33305004495a9","hash":"744e9938b9cd617ea18cf57e20ed709b1a96b090"}
,"/Users/rigobertorascon/Projects/react-native/react-native-ui/src/constants/Theme.ts": {"path":"/Users/rigobertorascon/Projects/react-native/react-native-ui/src/constants/Theme.ts","statementMap":{"0":{"start":{"line":1,"column":21},"end":{"line":27,"column":1}}},"fnMap":{},"branchMap":{},"s":{"0":1},"f":{},"b":{},"_coverageSchema":"1a1c01bbd47fc00a2c39e90264f33305004495a9","hash":"d9403e2718cee9a1020a0a882f49252c36156e39"}
}
