{"total": {"lines":{"total":69,"covered":65,"skipped":0,"pct":94.2},"statements":{"total":69,"covered":65,"skipped":0,"pct":94.2},"functions":{"total":24,"covered":20,"skipped":0,"pct":83.33},"branches":{"total":46,"covered":26,"skipped":0,"pct":56.52},"branchesTrue":{"total":0,"covered":0,"skipped":0,"pct":100}}
,"/Users/rigobertorascon/Projects/react-native/react-native-ui/src/components/Alert.Modal.tsx": {"lines":{"total":3,"covered":3,"skipped":0,"pct":100},"functions":{"total":1,"covered":1,"skipped":0,"pct":100},"statements":{"total":3,"covered":3,"skipped":0,"pct":100},"branches":{"total":0,"covered":0,"skipped":0,"pct":100}}
,"/Users/rigobertorascon/Projects/react-native/react-native-ui/src/components/Bottom.Modal.tsx": {"lines":{"total":13,"covered":11,"skipped":0,"pct":84.61},"functions":{"total":5,"covered":3,"skipped":0,"pct":60},"statements":{"total":13,"covered":11,"skipped":0,"pct":84.61},"branches":{"total":4,"covered":2,"skipped":0,"pct":50}}
,"/Users/rigobertorascon/Projects/react-native/react-native-ui/src/components/Chip.Button.tsx": {"lines":{"total":7,"covered":7,"skipped":0,"pct":100},"functions":{"total":2,"covered":2,"skipped":0,"pct":100},"statements":{"total":7,"covered":7,"skipped":0,"pct":100},"branches":{"total":11,"covered":5,"skipped":0,"pct":45.45}}
,"/Users/rigobertorascon/Projects/react-native/react-native-ui/src/components/Icon.Text.Input.tsx": {"lines":{"total":5,"covered":5,"skipped":0,"pct":100},"functions":{"total":1,"covered":1,"skipped":0,"pct":100},"statements":{"total":5,"covered":5,"skipped":0,"pct":100},"branches":{"total":4,"covered":2,"skipped":0,"pct":50}}
,"/Users/rigobertorascon/Projects/react-native/react-native-ui/src/components/Link.Button.tsx": {"lines":{"total":4,"covered":4,"skipped":0,"pct":100},"functions":{"total":1,"covered":1,"skipped":0,"pct":100},"statements":{"total":4,"covered":4,"skipped":0,"pct":100},"branches":{"total":2,"covered":1,"skipped":0,"pct":50}}
,"/Users/rigobertorascon/Projects/react-native/react-native-ui/src/components/Opacity.Mask.tsx": {"lines":{"total":4,"covered":4,"skipped":0,"pct":100},"functions":{"total":1,"covered":1,"skipped":0,"pct":100},"statements":{"total":4,"covered":4,"skipped":0,"pct":100},"branches":{"total":4,"covered":3,"skipped":0,"pct":75}}
,"/Users/rigobertorascon/Projects/react-native/react-native-ui/src/components/Primary.Button.tsx": {"lines":{"total":7,"covered":7,"skipped":0,"pct":100},"functions":{"total":2,"covered":2,"skipped":0,"pct":100},"statements":{"total":7,"covered":7,"skipped":0,"pct":100},"branches":{"total":17,"covered":11,"skipped":0,"pct":64.7}}
,"/Users/rigobertorascon/Projects/react-native/react-native-ui/src/components/Searchable.Picker.tsx": {"lines":{"total":15,"covered":13,"skipped":0,"pct":86.66},"functions":{"total":8,"covered":6,"skipped":0,"pct":75},"statements":{"total":15,"covered":13,"skipped":0,"pct":86.66},"branches":{"total":4,"covered":2,"skipped":0,"pct":50}}
,"/Users/rigobertorascon/Projects/react-native/react-native-ui/src/components/Styled.Text.tsx": {"lines":{"total":6,"covered":6,"skipped":0,"pct":100},"functions":{"total":2,"covered":2,"skipped":0,"pct":100},"statements":{"total":6,"covered":6,"skipped":0,"pct":100},"branches":{"total":0,"covered":0,"skipped":0,"pct":100}}
,"/Users/rigobertorascon/Projects/react-native/react-native-ui/src/constants/Theme.ts": {"lines":{"total":2,"covered":2,"skipped":0,"pct":100},"functions":{"total":0,"covered":0,"skipped":0,"pct":100},"statements":{"total":2,"covered":2,"skipped":0,"pct":100},"branches":{"total":0,"covered":0,"skipped":0,"pct":100}}
,"/Users/rigobertorascon/Projects/react-native/react-native-ui/src/hooks/usePlatform.ts": {"lines":{"total":3,"covered":3,"skipped":0,"pct":100},"functions":{"total":1,"covered":1,"skipped":0,"pct":100},"statements":{"total":3,"covered":3,"skipped":0,"pct":100},"branches":{"total":0,"covered":0,"skipped":0,"pct":100}}
}
