TN:
SF:src/components/Alert.Modal.tsx
FN:10,AlertModal
FNF:1
FNH:1
FNDA:2,AlertModal
DA:8,1
DA:16,2
DA:37,1
LF:3
LH:3
BRF:0
BRH:0
end_of_record
TN:
SF:src/components/Bottom.Modal.tsx
FN:18,BottomModal
FN:26,(anonymous_1)
FN:29,(anonymous_2)
FN:35,(anonymous_3)
FN:40,(anonymous_4)
FNF:5
FNH:3
FNDA:12,BottomModal
FNDA:8,(anonymous_1)
FNDA:0,(anonymous_2)
FNDA:0,(anonymous_3)
FNDA:8,(anonymous_4)
DA:14,2
DA:16,2
DA:24,12
DA:26,12
DA:27,8
DA:30,0
DA:33,8
DA:36,0
DA:40,8
DA:41,8
DA:42,8
DA:46,12
DA:75,2
LF:13
LH:11
BRDA:54,0,0,12
BRDA:54,0,1,0
BRDA:61,1,0,12
BRDA:61,1,1,0
BRF:4
BRH:2
end_of_record
TN:
SF:src/components/Chip.Button.tsx
FN:11,ChipButton
FN:34,(anonymous_1)
FNF:2
FNH:2
FNDA:3,ChipButton
FNDA:3,(anonymous_1)
DA:6,1
DA:19,3
DA:20,3
DA:22,3
DA:29,3
DA:34,3
DA:48,1
LF:7
LH:7
BRDA:25,0,0,0
BRDA:25,0,1,3
BRDA:36,1,0,3
BRDA:36,1,1,0
BRDA:36,1,2,0
BRDA:37,2,0,3
BRDA:37,2,1,0
BRDA:37,2,2,0
BRDA:37,2,3,0
BRDA:41,3,0,3
BRDA:41,3,1,3
BRF:11
BRH:5
end_of_record
TN:
SF:src/components/Icon.Text.Input.tsx
FN:9,IconTextInput
FNF:1
FNH:1
FNDA:4,IconTextInput
DA:7,2
DA:15,4
DA:20,4
DA:22,4
DA:36,2
LF:5
LH:5
BRDA:17,0,0,0
BRDA:17,0,1,4
BRDA:20,1,0,0
BRDA:20,1,1,4
BRF:4
BRH:2
end_of_record
TN:
SF:src/components/Link.Button.tsx
FN:9,LinkButton
FNF:1
FNH:1
FNDA:2,LinkButton
DA:7,1
DA:15,2
DA:16,2
DA:33,1
LF:4
LH:4
BRDA:15,0,0,0
BRDA:15,0,1,2
BRF:2
BRH:1
end_of_record
TN:
SF:src/components/Opacity.Mask.tsx
FN:4,OpacityMask
FNF:1
FNH:1
FNDA:14,OpacityMask
DA:5,14
DA:6,6
DA:8,8
DA:11,3
LF:4
LH:4
BRDA:5,0,0,6
BRDA:5,0,1,8
BRDA:20,1,0,0
BRDA:20,1,1,3
BRF:4
BRH:3
end_of_record
TN:
SF:src/components/Primary.Button.tsx
FN:10,PrimaryButton
FN:33,(anonymous_1)
FNF:2
FNH:2
FNDA:7,PrimaryButton
FNDA:7,(anonymous_1)
DA:8,1
DA:18,7
DA:19,7
DA:21,7
DA:29,7
DA:33,7
DA:47,1
LF:7
LH:7
BRDA:23,0,0,1
BRDA:23,0,1,6
BRDA:25,1,0,0
BRDA:25,1,1,7
BRDA:31,2,0,3
BRDA:31,2,1,4
BRDA:35,3,0,7
BRDA:35,3,1,0
BRDA:35,3,2,0
BRDA:36,4,0,7
BRDA:36,4,1,0
BRDA:36,4,2,0
BRDA:36,4,3,0
BRDA:40,5,0,7
BRDA:40,5,1,3
BRDA:42,6,0,7
BRDA:42,6,1,4
BRF:17
BRH:11
end_of_record
TN:
SF:src/components/Searchable.Picker.tsx
FN:12,SearchablePicker
FN:20,(anonymous_1)
FN:28,(anonymous_2)
FN:38,(anonymous_3)
FN:42,(anonymous_4)
FN:48,(anonymous_5)
FN:50,(anonymous_6)
FN:62,(anonymous_7)
FNF:8
FNH:6
FNDA:9,SearchablePicker
FNDA:18,(anonymous_1)
FNDA:3,(anonymous_2)
FNDA:0,(anonymous_3)
FNDA:0,(anonymous_4)
FNDA:6,(anonymous_5)
FNDA:1,(anonymous_6)
FNDA:6,(anonymous_7)
DA:10,1
DA:18,9
DA:19,9
DA:20,9
DA:21,18
DA:24,9
DA:28,3
DA:38,0
DA:42,0
DA:49,6
DA:51,1
DA:52,1
DA:53,1
DA:62,6
DA:69,1
LF:15
LH:13
BRDA:31,0,0,0
BRDA:31,0,1,9
BRDA:51,1,0,1
BRDA:51,1,1,0
BRF:4
BRH:2
end_of_record
TN:
SF:src/components/Styled.Text.tsx
FN:7,Title
FN:16,Text
FNF:2
FNH:2
FNDA:1,Title
FNDA:19,Text
DA:5,3
DA:8,1
DA:9,1
DA:17,19
DA:18,19
DA:25,3
LF:6
LH:6
BRF:0
BRH:0
end_of_record
TN:
SF:src/constants/Theme.ts
FNF:0
FNH:0
DA:1,7
DA:3,7
LF:2
LH:2
BRF:0
BRH:0
end_of_record
TN:
SF:src/hooks/usePlatform.ts
FN:3,usePlatform
FNF:1
FNH:1
FNDA:10,usePlatform
DA:4,10
DA:5,10
DA:7,10
LF:3
LH:3
BRF:0
BRH:0
end_of_record
